354957034256753,1342494623281.2725,Geo Loc,0|1342494623007|37.375198020000006|-121.9842176|0.0|55.0|0.0|0.0|0
354957034256753,1342494669716.7552,Geo Loc,0|1342494669663|37.37529671666667|-121.98416653333334|0.0|55.0|0.0|0.0|0
354957034256753,1342494714766.9813,Geo Loc,0|1342494714707|37.375220633333335|-121.98420273333333|0.0|55.0|0.0|0.0|0
354957034256753,1342494761317.548,Geo Loc,0|1342494761242|37.375204333333336|-121.98416893333332|0.0|55.0|0.0|0.0|0
354957034256753,1342494806344.8164,Geo Loc,0|1342494806268|37.375204333333336|-121.98416893333332|0.0|55.0|0.0|0.0|0
354957034256753,1342494851378.8190,Geo Loc,0|1342494851328|37.37520988333333|-121.98424516666667|0.0|85.0|0.0|0.0|0
354957034256753,1342494896637.970,Geo Loc,0|1342494896558|37.375310999999996|-121.98435065000001|0.0|85.0|0.0|0.0|0
354957034256753,1342494941648.7715,Geo Loc,0|1342494941568|37.375185120000005|-121.98426852|0.0|85.0|0.0|0.0|0
354957034256753,1342494986660.58,Geo Loc,0|1342494986598|37.375185120000005|-121.98426852|0.0|85.0|0.0|0.0|0
354957034256753,1342495031683.4917,Geo Loc,0|1342495031638|37.37522281428572|-121.98416314285714|0.0|55.0|0.0|0.0|0
354957034256753,1342495078690.436,Geo Loc,0|1342495078608|37.37520468|-121.98430908|0.0|85.0|0.0|0.0|0
354957034256753,1342495123678.5551,Geo Loc,0|1342495123625|37.37520468|-121.98430908|0.0|85.0|0.0|0.0|0
354957034256753,1342495168774.1439,Geo Loc,0|1342495168741|37.37520468|-121.98430908|0.0|85.0|0.0|0.0|0
354957034256753,1342495170793.2199,Geo Loc,0|1342495170744|37.37530888|-121.98421472|0.0|55.0|0.0|0.0|0
354957034256753,1342495208878.6801,Geo Loc,0|1342495208851|37.37530888|-121.98421472|0.0|55.0|0.0|0.0|0
354957034256753,1342495216834.458,Geo Loc,0|1342495216785|37.375310999999996|-121.98435065000001|0.0|85.0|0.0|0.0|0
354957034256753,1342495258871.7427,Geo Loc,0|1342495258827|37.375310999999996|-121.98435065000001|0.0|85.0|0.0|0.0|0
354957034256753,1342495262887.7128,Geo Loc,0|1342495262826|37.375198020000006|-121.9842176|0.0|55.0|0.0|0.0|0
354957034256753,1342495303936.8282,Geo Loc,0|1342495303909|37.375198020000006|-121.9842176|0.0|55.0|0.0|0.0|0
354957034256753,1342495308058.8247,Geo Loc,0|1342495307992|37.375302675|-121.9842363|0.0|55.0|0.0|0.0|0
354957034256753,1342495348949.1394,Geo Loc,0|1342495348918|37.375302675|-121.9842363|0.0|55.0|0.0|0.0|0
354957034256753,1342495354131.8778,Geo Loc,0|1342495354063|37.375310999999996|-121.98435065000001|0.0|85.0|0.0|0.0|0
354957034256753,1342495393990.2375,Geo Loc,0|1342495393942|37.375310999999996|-121.98435065000001|0.0|85.0|0.0|0.0|0
354957034256753,1342495400215.7560,Geo Loc,0|1342495400146|37.375310999999996|-121.98435065000001|0.0|85.0|0.0|0.0|0
354957034256753,1342495439042.4486,Geo Loc,0|1342495439021|37.375310999999996|-121.98435065000001|0.0|85.0|0.0|0.0|0
354957034256753,1342495446390.2162,Geo Loc,0|1342495446313|37.375310999999996|-121.98435065000001|0.0|85.0|0.0|0.0|0
354957034256753,1342495484048.4912,Geo Loc,0|1342495483998|37.375310999999996|-121.98435065000001|0.0|85.0|0.0|0.0|0
354957034256753,1342495491421.8062,Geo Loc,0|1342495491369|37.37530888|-121.98421472|0.0|55.0|0.0|0.0|0
354957034256753,1342495529088.8313,Geo Loc,0|1342495529029|37.37530888|-121.98421472|0.0|55.0|0.0|0.0|0
354957034256753,1342495536476.8025,Geo Loc,0|1342495536428|37.37520468|-121.98430908|0.0|85.0|0.0|0.0|0
354957034256753,1342495574126.3024,Geo Loc,0|1342495574085|37.37520468|-121.98430908|0.0|85.0|0.0|0.0|0
354957034256753,1342495581517.9907,Geo Loc,0|1342495581465|37.375303433333336|-121.98442473333334|0.0|85.0|0.0|0.0|0
354957034256753,1342495619155.8926,Geo Loc,0|1342495619122|37.375303433333336|-121.98442473333334|0.0|85.0|0.0|0.0|0
354957034256753,1342495626663.5654,Geo Loc,0|1342495626602|37.375198020000006|-121.9842176|0.0|55.0|0.0|0.0|0
354957034256753,1342495664191.6634,Geo Loc,0|1342495664160|37.375198020000006|-121.9842176|0.0|55.0|0.0|0.0|0
354957034256753,1342495671983.5175,Geo Loc,0|1342495671748|37.37520988333333|-121.98424516666667|0.0|85.0|0.0|0.0|0
354957034256753,1342495709232.2696,Geo Loc,0|1342495709198|37.37520988333333|-121.98424516666667|0.0|85.0|0.0|0.0|0
354957034256753,1342495716844.9240,Geo Loc,0|1342495716776|37.37520988333333|-121.98424516666667|0.0|85.0|0.0|0.0|0
354957034256753,1342495754261.4243,Geo Loc,0|1342495754233|37.37520988333333|-121.98424516666667|0.0|85.0|0.0|0.0|0
354957034256753,1342495761847.7741,Geo Loc,0|1342495761792|37.375303433333336|-121.98442473333334|0.0|85.0|0.0|0.0|0
354957034256753,1342495799276.1341,Geo Loc,0|1342495799268|37.375303433333336|-121.98442473333334|0.0|85.0|0.0|0.0|0
354957034256753,1342495807761.8695,Geo Loc,0|1342495807722|37.375195940000005|-121.98412843999999|0.0|55.0|0.0|0.0|0
354957034256753,1342495844345.9189,Geo Loc,0|1342495844316|37.375195940000005|-121.98412843999999|0.0|55.0|0.0|0.0|0
354957034256753,1342495854012.7313,Geo Loc,0|1342495853940|37.375198020000006|-121.9842176|0.0|55.0|0.0|0.0|0
354957034256753,1342495889383.8288,Geo Loc,0|1342495889351|37.375198020000006|-121.9842176|0.0|55.0|0.0|0.0|0
354957034256753,1342495899182.9558,Geo Loc,0|1342495899124|37.375198020000006|-121.9842176|0.0|55.0|0.0|0.0|0
354957034256753,1342495934422.6547,Geo Loc,0|1342495934381|37.375198020000006|-121.9842176|0.0|55.0|0.0|0.0|0
354957034256753,1342495946001.7368,Geo Loc,0|1342495945943|37.3752026|-121.98421992000002|0.0|90.0|0.0|0.0|0
354957034256753,1342495979447.7977,Geo Loc,0|1342495979421|37.3752026|-121.98421992000002|0.0|90.0|0.0|0.0|0
354957034256753,1342495991174.2418,Geo Loc,0|1342495991112|37.37530888|-121.98421472|0.0|55.0|0.0|0.0|0
354957034256753,1342496024494.2793,Geo Loc,0|1342496024465|37.37530888|-121.98421472|0.0|55.0|0.0|0.0|0
354957034256753,1342496036294.768,Geo Loc,0|1342496036240|37.375204333333336|-121.98416893333332|0.0|55.0|0.0|0.0|0
354957034256753,1342496069543.7606,Geo Loc,0|1342496069480|37.375204333333336|-121.98416893333332|0.0|55.0|0.0|0.0|0
354957034256753,1342496081380.5309,Geo Loc,0|1342496081306|37.3751003|-121.9843381|0.0|85.0|0.0|0.0|0
354957034256753,1342496114504.5520,Geo Loc,0|1342496114495|37.3751003|-121.9843381|0.0|85.0|0.0|0.0|0
354957034256753,1342496126450.4845,Geo Loc,0|1342496126414|37.37529671666667|-121.98416653333334|0.0|55.0|0.0|0.0|0
354957034256753,1342496159537.8019,Geo Loc,0|1342496159525|37.37529671666667|-121.98416653333334|0.0|55.0|0.0|0.0|0
354957034256753,1342496171525.5889,Geo Loc,0|1342496171458|37.37520988333333|-121.98424516666667|0.0|85.0|0.0|0.0|0
354957034256753,1342496204574.4096,Geo Loc,0|1342496204555|37.37520988333333|-121.98424516666667|0.0|85.0|0.0|0.0|0
354957034256753,1342496216649.3025,Geo Loc,0|1342496216583|37.375220633333335|-121.98420273333333|0.0|55.0|0.0|0.0|0
354957034256753,1342496249570.7714,Geo Loc,0|1342496249559|37.375220633333335|-121.98420273333333|0.0|55.0|0.0|0.0|0
354957034256753,1342496263542.2360,Geo Loc,0|1342496263486|37.375172425|-121.98435425|0.0|85.0|0.0|0.0|0
354957034256753,1342496294613.1842,Geo Loc,0|1342496294603|37.375172425|-121.98435425|0.0|85.0|0.0|0.0|0
354957034256753,1342496308592.1044,Geo Loc,0|1342496308548|37.37520988333333|-121.98424516666667|0.0|85.0|0.0|0.0|0
354957034256753,1342496339727.3971,Geo Loc,0|1342496339685|37.37520988333333|-121.98424516666667|0.0|85.0|0.0|0.0|0
354957034256753,1342496353813.4260,Geo Loc,0|1342496353753|37.375172425|-121.98435425|0.0|85.0|0.0|0.0|0
354957034256753,1342496379811.2993,Geo Loc,0|1342496379790|37.375172425|-121.98435425|0.0|85.0|0.0|0.0|0
354957034256753,1342496399761.3970,Geo Loc,0|1342496399719|37.375220633333335|-121.98420273333333|0.0|55.0|0.0|0.0|0
354957034256753,1342496429789.3211,Geo Loc,0|1342496429733|37.375220633333335|-121.98420273333333|0.0|55.0|0.0|0.0|0
354957034256753,1342496445919.6071,Geo Loc,0|1342496445868|37.375172425|-121.98435425|0.0|85.0|0.0|0.0|0
354957034256753,1342496469901.9845,Geo Loc,0|1342496469893|37.375172425|-121.98435425|0.0|85.0|0.0|0.0|0
354957034256753,1342496491803.838,Geo Loc,0|1342496491748|37.37522281428572|-121.98416314285714|0.0|55.0|0.0|0.0|0
354957034256753,1342496519832.4021,Geo Loc,0|1342496519803|37.37522281428572|-121.98416314285714|0.0|55.0|0.0|0.0|0
354957034256753,1342496537763.7652,Geo Loc,0|1342496537710|37.375198020000006|-121.9842176|0.0|55.0|0.0|0.0|0
354957034256753,1342496564889.7508,Geo Loc,0|1342496564832|37.375198020000006|-121.9842176|0.0|55.0|0.0|0.0|0
354957034256753,1342496582966.2384,Geo Loc,0|1342496582910|37.375220633333335|-121.98420273333333|0.0|55.0|0.0|0.0|0
354957034256753,1342496604954.3552,Geo Loc,0|1342496604948|37.375220633333335|-121.98420273333333|0.0|55.0|0.0|0.0|0
354957034256753,1342496628982.2035,Geo Loc,0|1342496628930|37.375198020000006|-121.9842176|0.0|55.0|0.0|0.0|0
354957034256753,1342496654985.8652,Geo Loc,0|1342496654931|37.375198020000006|-121.9842176|0.0|55.0|0.0|0.0|0
354957034256753,1342496674823.8461,Geo Loc,0|1342496674780|37.375169825|-121.9842428|0.0|90.0|0.0|0.0|0
354957034256753,1342496699991.2437,Geo Loc,0|1342496699958|37.375169825|-121.9842428|0.0|90.0|0.0|0.0|0
354957034256753,1342496719842.7503,Geo Loc,0|1342496719805|37.37528932|-121.98417416|0.0|55.0|0.0|0.0|0
354957034256753,1342496745008.9677,Geo Loc,0|1342496744999|37.37528932|-121.98417416|0.0|55.0|0.0|0.0|0
354957034256753,1342496764895.2265,Geo Loc,0|1342496764841|37.375172425|-121.98435425|0.0|85.0|0.0|0.0|0
354957034256753,1342496790038.2960,Geo Loc,0|1342496790005|37.375172425|-121.98435425|0.0|85.0|0.0|0.0|0
354957034256753,1342496810061.4514,Geo Loc,0|1342496809988|37.375204333333336|-121.98416893333332|0.0|55.0|0.0|0.0|0
354957034256753,1342496835059.6014,Geo Loc,0|1342496835053|37.375204333333336|-121.98416893333332|0.0|55.0|0.0|0.0|0
354957034256753,1342496856951.5481,Geo Loc,0|1342496856893|37.375204333333336|-121.98416893333332|0.0|55.0|0.0|0.0|0
354957034256753,1342496880176.421,Geo Loc,0|1342496880117|37.375204333333336|-121.98416893333332|0.0|55.0|0.0|0.0|0
354957034256753,1342496902101.447,Geo Loc,0|1342496902047|37.37520988333333|-121.98424516666667|0.0|85.0|0.0|0.0|0
354957034256753,1342496925142.9013,Geo Loc,0|1342496925117|37.37520988333333|-121.98424516666667|0.0|85.0|0.0|0.0|0
354957034256753,1342496949032.7048,Geo Loc,0|1342496948996|37.37522281428572|-121.98416314285714|0.0|55.0|0.0|0.0|0
354957034256753,1342496970153.1851,Geo Loc,0|1342496970142|37.37522281428572|-121.98416314285714|0.0|55.0|0.0|0.0|0
354957034256753,1342496994173.9091,Geo Loc,0|1342496994130|37.375172425|-121.98435425|0.0|85.0|0.0|0.0|0
354957034256753,1342497015209.8037,Geo Loc,0|1342497015185|37.375172425|-121.98435425|0.0|85.0|0.0|0.0|0
354957034256753,1342497039251.9267,Geo Loc,0|1342497039221|37.37528655|-121.98429995000001|0.0|85.0|0.0|0.0|0
354957034256753,1342575588657.3907,Geo Loc,1|1342575588634|37.374655700000005|-121.98463855|0.0|90.0|0.0|0.0|1
354957034256753,1342575633700.4050,Geo Loc,1|1342575633680|37.374655700000005|-121.98463855|0.0|90.0|0.0|0.0|1
354957034256753,1342575678768.9318,Geo Loc,1|1342575678720|37.374655700000005|-121.98463855|0.0|90.0|0.0|0.0|1
354957034256753,1342575723796.3882,Geo Loc,1|1342575723779|37.374655700000005|-121.98463855|0.0|90.0|0.0|0.0|1
356441045935745,1349478346236.8713,Geo Loc,1|1349478346177|42.3531287|-71.1062541|0.0|728.0|0.0|0.0|2
356441045935745,1349478391274.1566,Geo Loc,1|1349478391264|42.3531287|-71.1062541|0.0|728.0|0.0|0.0|2
356441045935745,1349478436329.8449,Geo Loc,1|1349478436304|42.3531287|-71.1062541|0.0|728.0|0.0|0.0|2
356441045935745,1349478486413.7964,Geo Loc,1|1349478486378|42.3531287|-71.1062541|0.0|728.0|0.0|0.0|2
356441045935745,1349478536528.1282,Geo Loc,1|1349478536479|42.3531287|-71.1062541|0.0|728.0|0.0|0.0|2
356441045935745,1349478581620.8818,Geo Loc,1|1349478581555|42.3531287|-71.1062541|0.0|728.0|0.0|0.0|2
356441045935745,1349478626667.8804,Geo Loc,1|1349478626603|42.3531287|-71.1062541|0.0|728.0|0.0|0.0|2
356441045935745,1349478671672.7178,Geo Loc,1|1349478671642|42.3531287|-71.1062541|0.0|728.0|0.0|0.0|2
356441045935745,1349478721763.7496,Geo Loc,1|1349478721750|42.3531287|-71.1062541|0.0|728.0|0.0|0.0|2
356441045935745,1349478767030.1553,Geo Loc,1|1349478766987|42.3531287|-71.1062541|0.0|728.0|0.0|0.0|2
356441045935745,1349478817003.316,Geo Loc,1|1349478816898|42.3531287|-71.1062541|0.0|728.0|0.0|0.0|2
356441045935745,1349478862033.6372,Geo Loc,1|1349478862016|42.3531287|-71.1062541|0.0|728.0|0.0|0.0|2
356441045935745,1349478912069.6685,Geo Loc,1|1349478912052|42.3529583|-71.1076226|0.0|859.0|0.0|0.0|2
356441045935745,1349478914276.1658,Geo Loc,2|1349478914216|42.35240225|-71.1060871|0.0|445.0|0.0|0.0|2
356441045935745,1349478962209.4879,Geo Loc,2|1349478962178|42.35240225|-71.1060871|0.0|445.0|0.0|0.0|2
356441045935745,1349479047238.7689,Geo Loc,2|1349479047173|42.35240225|-71.1060871|0.0|445.0|0.0|0.0|2
356441045935745,1349479092207.638,Geo Loc,1|1349479092185|42.35240225|-71.1060871|0.0|445.0|0.0|0.0|2
356441045935745,1349479142302.4722,Geo Loc,1|1349479142255|42.35240225|-71.1060871|0.0|445.0|0.0|0.0|2
356441045935745,1349479187400.9228,Geo Loc,1|1349479187357|42.35240225|-71.1060871|0.0|445.0|0.0|0.0|2
356441045935745,1349479232520.5017,Geo Loc,1|1349479232485|42.35240225|-71.1060871|0.0|445.0|0.0|0.0|2
356441045935745,1349479282731.1068,Geo Loc,1|1349479282721|42.35240225|-71.1060871|0.0|445.0|0.0|0.0|2
356441045935745,1349479367841.4598,Geo Loc,2|1349479367821|42.35240225|-71.1060871|0.0|445.0|0.0|0.0|2
356441045935745,1349479412846.5266,Geo Loc,1|1349479412834|42.35240225|-71.1060871|0.0|445.0|0.0|0.0|2
356441045935745,1349479462967.8819,Geo Loc,1|1349479462899|42.35240225|-71.1060871|0.0|445.0|0.0|0.0|2
356441045935745,1349479547948.7586,Geo Loc,2|1349479547934|42.35240225|-71.1060871|0.0|445.0|0.0|0.0|2
356441045935745,1349479597994.2838,Geo Loc,1|1349479597970|42.35240225|-71.1060871|0.0|445.0|0.0|0.0|2
356441045935745,1349479648202.2157,Geo Loc,1|1349479648139|42.35240225|-71.1060871|0.0|445.0|0.0|0.0|2
356441045935745,1349479733170.9544,Geo Loc,2|1349479733140|42.35240225|-71.1060871|0.0|445.0|0.0|0.0|2
356441045935745,1349479778187.6723,Geo Loc,1|1349479778179|42.35240225|-71.1060871|0.0|445.0|0.0|0.0|2
354957034256753,1347661445114.8317,Geo Loc,1|1347661445077|42.35375615555555|-71.10691526666666|0.0|196.0|0.0|0.0|3
354957034256753,1347661490151.4577,Geo Loc,1|1347661490111|42.35375615555555|-71.10691526666666|0.0|196.0|0.0|0.0|3
354957034256753,1347661535189.4347,Geo Loc,1|1347661535153|42.35375615555555|-71.10691526666666|0.0|196.0|0.0|0.0|3
354957034256753,1347661625251.8855,Geo Loc,1|1347661625214|42.35375615555555|-71.10691526666666|0.0|196.0|0.0|0.0|3
354957034256753,1347661670318.8670,Geo Loc,1|1347661670281|42.35375615555555|-71.10691526666666|0.0|196.0|0.0|0.0|3
354957034256753,1347661760403.7933,Geo Loc,1|1347661760319|42.35375615555555|-71.10691526666666|0.0|196.0|0.0|0.0|3
354957034256753,1347661805484.3813,Geo Loc,1|1347661805410|42.35375615555555|-71.10691526666666|0.0|196.0|0.0|0.0|3
354957034256753,1347661850500.6912,Geo Loc,1|1347661850490|42.35375615555555|-71.10691526666666|0.0|196.0|0.0|0.0|3
354957034256753,1347661895529.8597,Geo Loc,1|1347661895506|42.35375615555555|-71.10691526666666|0.0|196.0|0.0|0.0|3
354957034256753,1347661940566.5809,Geo Loc,1|1347661940555|42.35375615555555|-71.10691526666666|0.0|196.0|0.0|0.0|3
354957034256753,1342794352874.9968,Geo Loc,1|1342794352865|32.7074247|-117.15911415|0.0|65.0|0.0|0.0|4
354957034256753,1342794398089.9436,Geo Loc,1|1342794398069|32.7074247|-117.15911415|0.0|65.0|0.0|0.0|4
354957034256753,1342794443475.7538,Geo Loc,1|1342794443465|32.7074247|-117.15911415|0.0|65.0|0.0|0.0|4
354957034256753,1342794488816.4858,Geo Loc,1|1342794488806|32.7074247|-117.15911415|0.0|65.0|0.0|0.0|4
354957034256753,1342794533950.2176,Geo Loc,1|1342794533930|32.7074247|-117.15911415|0.0|65.0|0.0|0.0|4
354957034256753,1342794579222.4221,Geo Loc,1|1342794579210|32.7074247|-117.15911415|0.0|65.0|0.0|0.0|4
354957034256753,1342794624336.1259,Geo Loc,1|1342794624326|32.7074247|-117.15911415|0.0|65.0|0.0|0.0|4
354957034256753,1342794669509.6094,Geo Loc,1|1342794669489|32.7074247|-117.15911415|0.0|65.0|0.0|0.0|4
354957034256753,1342794714650.2118,Geo Loc,1|1342794714628|32.7074247|-117.15911415|0.0|65.0|0.0|0.0|4
354957034256753,1342794759788.1053,Geo Loc,1|1342794759768|32.7074247|-117.15911415|0.0|65.0|0.0|0.0|4
354957034256753,1342794805073.2879,Geo Loc,1|1342794805045|32.7074247|-117.15911415|0.0|65.0|0.0|0.0|4
354957034256753,1342794852323.2337,Geo Loc,1|1342794852312|32.7074247|-117.15911415|0.0|65.0|0.0|0.0|4
354957034256753,1342794897438.3723,Geo Loc,1|1342794897426|32.7074247|-117.15911415|0.0|65.0|0.0|0.0|4
354957034256753,1342794942581.4728,Geo Loc,1|1342794942570|32.7074247|-117.15911415|0.0|65.0|0.0|0.0|4
354957034256753,1342794987937.5613,Geo Loc,1|1342794987913|32.7074247|-117.15911415|0.0|65.0|0.0|0.0|4
354957034256753,1342795033163.590,Geo Loc,1|1342795033144|32.7074247|-117.15911415|0.0|65.0|0.0|0.0|4
354957034256753,1342795078315.5892,Geo Loc,1|1342795078304|32.7074247|-117.15911415|0.0|65.0|0.0|0.0|4
354957034256753,1342795123441.7200,Geo Loc,1|1342795123428|32.7074247|-117.15911415|0.0|65.0|0.0|0.0|4
354957034256753,1342795168964.2750,Geo Loc,1|1342795168927|32.7074247|-117.15911415|0.0|65.0|0.0|0.0|4
354957034256753,1342795214072.5373,Geo Loc,1|1342795214053|32.7074247|-117.15911415|0.0|65.0|0.0|0.0|4
354957034256753,1342795259193.4293,Geo Loc,1|1342795259172|32.7074247|-117.15911415|0.0|65.0|0.0|0.0|4
354957034256753,1342795357720.9085,Geo Loc,1|1342795357709|32.7074247|-117.15911415|0.0|65.0|0.0|0.0|4
354957034256753,1342795403037.475,Geo Loc,1|1342795403018|32.7074247|-117.15911415|0.0|65.0|0.0|0.0|4
354957034256753,1342795448166.1240,Geo Loc,1|1342795448156|32.7074247|-117.15911415|0.0|65.0|0.0|0.0|4
354957034256753,1342795493328.4615,Geo Loc,1|1342795493315|32.7074247|-117.15911415|0.0|65.0|0.0|0.0|4
354957034256753,1342795538483.5476,Geo Loc,1|1342795538464|32.7074247|-117.15911415|0.0|65.0|0.0|0.0|4
354957034256753,1342795583690.5338,Geo Loc,1|1342795583652|32.7074247|-117.15911415|0.0|65.0|0.0|0.0|4
354957034256753,1342795628864.9103,Geo Loc,1|1342795628850|32.7074247|-117.15911415|0.0|65.0|0.0|0.0|4
354957034256753,1342795673983.942,Geo Loc,1|1342795673973|32.7074247|-117.15911415|0.0|65.0|0.0|0.0|4
354957034256753,1342795719181.1151,Geo Loc,1|1342795719164|32.7074247|-117.15911415|0.0|65.0|0.0|0.0|4
354957034256753,1342795764349.4314,Geo Loc,1|1342795764329|32.7074247|-117.15911415|0.0|65.0|0.0|0.0|4
354957034256753,1342795809599.5743,Geo Loc,1|1342795809566|32.7074247|-117.15911415|0.0|65.0|0.0|0.0|4
354957034256753,1342795854708.9595,Geo Loc,1|1342795854695|32.7074247|-117.15911415|0.0|65.0|0.0|0.0|4
354957034256753,1342795899823.2441,Geo Loc,1|1342795899814|32.7074247|-117.15911415|0.0|65.0|0.0|0.0|4
354957034256753,1342795945007.5813,Geo Loc,1|1342795944996|32.7074247|-117.15911415|0.0|65.0|0.0|0.0|4
354957034256753,1342795990203.8529,Geo Loc,1|1342795990182|32.7074247|-117.15911415|0.0|65.0|0.0|0.0|4
354957034256753,1342796035357.3208,Geo Loc,1|1342796035320|32.7074247|-117.15911415|0.0|65.0|0.0|0.0|4
354957034256753,1342796080467.6685,Geo Loc,1|1342796080450|32.7074247|-117.15911415|0.0|65.0|0.0|0.0|4
354957034256753,1342796125594.8635,Geo Loc,1|1342796125579|32.7074247|-117.15911415|0.0|65.0|0.0|0.0|4
